<?xml version="1.0" encoding="UTF-8"?>
<!-- Generated by org.testng.reporters.JUnitReportReporter -->
<testsuite hostname="Devesh" failures="0" tests="1" name="dataDrivenTek.CreateContactTest2" time="89.813" errors="0" timestamp="2025-01-15T15:48:51 IST" skipped="0">
  <testcase classname="dataDrivenTek.CreateContactTest2" name="createcontact" time="89.813"/>
</testsuite> <!-- dataDrivenTek.CreateContactTest2 -->
