<?xml version="1.0" encoding="UTF-8"?>
<!-- Generated by org.testng.reporters.JUnitReportReporter -->
<testsuite hostname="Devesh" failures="0" tests="1" name="dataDrivenTek.CreateContactTest1" time="43.910" errors="0" timestamp="2025-01-12T19:37:55 IST" skipped="0">
  <testcase classname="dataDrivenTek.CreateContactTest1" name="createContactTest" time="43.910"/>
</testsuite> <!-- dataDrivenTek.CreateContactTest1 -->
