<?xml version="1.0" encoding="UTF-8"?>
<!-- Generated by org.testng.reporters.JUnitReportReporter -->
<testsuite hostname="Devesh" failures="0" tests="1" name="dataDrivenTek.ReadDataFromXml" time="0.041" errors="0" timestamp="2025-01-03T15:27:18 IST" skipped="0">
  <testcase classname="dataDrivenTek.ReadDataFromXml" name="sampleTest" time="0.041"/>
</testsuite> <!-- dataDrivenTek.ReadDataFromXml -->
