<?xml version="1.0" encoding="UTF-8"?>
<!-- Generated by org.testng.reporters.JUnitReportReporter -->
<testsuite hostname="Devesh" failures="0" tests="1" name="dataDrivenTek.CreateOrganizationWithPhNoTest" time="30.670" errors="0" timestamp="2025-01-12T16:04:28 IST" skipped="0">
  <testcase classname="dataDrivenTek.CreateOrganizationWithPhNoTest" name="createOrganizationWithPhno" time="30.670"/>
</testsuite> <!-- dataDrivenTek.CreateOrganizationWithPhNoTest -->
