<?xml version="1.0" encoding="UTF-8"?>
<!-- Generated by org.testng.reporters.JUnitReportReporter -->
<testsuite hostname="Devesh" failures="0" tests="1" name="dataDrivenTek.CreateContactWithDateTest" time="27.993" errors="0" timestamp="2025-01-12T20:38:18 IST" skipped="0">
  <testcase classname="dataDrivenTek.CreateContactWithDateTest" name="createcontactwithdate" time="27.993"/>
</testsuite> <!-- dataDrivenTek.CreateContactWithDateTest -->
