<?xml version="1.0" encoding="UTF-8"?>
<!-- Generated by org.testng.reporters.JUnitReportReporter -->
<testsuite hostname="Devesh" failures="0" tests="1" name="dataDrivenTek.CreateContactWithOrgTest" time="44.885" errors="0" timestamp="2025-01-12T20:42:10 IST" skipped="0">
  <testcase classname="dataDrivenTek.CreateContactWithOrgTest" name="createContactTest" time="44.885"/>
</testsuite> <!-- dataDrivenTek.CreateContactWithOrgTest -->
