<?xml version="1.0" encoding="UTF-8"?>
<!-- Generated by org.testng.reporters.JUnitReportReporter -->
<testsuite hostname="Devesh" failures="0" tests="1" name="dataDrivenTek.CreateOrganizationWithIndustryTest" time="30.844" errors="0" timestamp="2025-01-12T13:51:52 IST" skipped="0">
  <testcase classname="dataDrivenTek.CreateOrganizationWithIndustryTest" name="test1" time="30.844"/>
</testsuite> <!-- dataDrivenTek.CreateOrganizationWithIndustryTest -->
